<?xml version="1.0" encoding="UTF-8"?>
<!-- Generated by org.testng.reporters.JUnitXMLReporter -->
<testsuite ignored="0" hostname="Manidiptas-MacBook-Pro.local" failures="0" tests="3" name="Test" time="4.329" errors="0" timestamp="2024-10-21T19:59:15 PDT">
  <testcase classname="com.orange.hrm.test.LogInTest" name="loginWithValidUserNameAndPassword" time="3.132"/>
  <testcase classname="com.orange.hrm.test.HomePageTest" name="verifyAdminLink" time="0.198"/>
  <testcase classname="com.orange.hrm.test.LogOutPageTest" name="logOut" time="0.964"/>
</testsuite> <!-- Test -->
