<?xml version="1.0" encoding="UTF-8"?>
<testng-results ignored="0" total="3" passed="3" failed="0" skipped="0">
  <reporter-output>
  </reporter-output>
  <suite started-at="2024-10-21T19:59:10 PDT" name="Suite" finished-at="2024-10-21T19:59:15 PDT" duration-ms="4329">
    <groups>
    </groups>
    <test started-at="2024-10-21T19:59:10 PDT" name="Test" finished-at="2024-10-21T19:59:15 PDT" duration-ms="4329">
      <class name="com.orange.hrm.test.LogInTest">
        <test-method is-config="true" signature="initDriver()[pri:0, instance:com.orange.hrm.test.LogInTest@383bfa16]" started-at="2024-10-21T19:59:04 PDT" name="initDriver" finished-at="2024-10-21T19:59:10 PDT" duration-ms="6408" status="PASS">
          <reporter-output>
          </reporter-output>
        </test-method> <!-- initDriver -->
        <test-method signature="loginWithValidUserNameAndPassword()[pri:0, instance:com.orange.hrm.test.LogInTest@383bfa16]" started-at="2024-10-21T19:59:10 PDT" name="loginWithValidUserNameAndPassword" finished-at="2024-10-21T19:59:13 PDT" duration-ms="3132" status="PASS">
          <reporter-output>
          </reporter-output>
        </test-method> <!-- loginWithValidUserNameAndPassword -->
      </class> <!-- com.orange.hrm.test.LogInTest -->
      <class name="com.orange.hrm.test.LogOutPageTest">
        <test-method signature="logOut()[pri:0, instance:com.orange.hrm.test.LogOutPageTest@3232a28a]" started-at="2024-10-21T19:59:14 PDT" name="logOut" finished-at="2024-10-21T19:59:15 PDT" duration-ms="964" status="PASS">
          <reporter-output>
          </reporter-output>
        </test-method> <!-- logOut -->
      </class> <!-- com.orange.hrm.test.LogOutPageTest -->
      <class name="com.orange.hrm.test.HomePageTest">
        <test-method signature="verifyAdminLink()[pri:0, instance:com.orange.hrm.test.HomePageTest@7133da86]" started-at="2024-10-21T19:59:13 PDT" name="verifyAdminLink" finished-at="2024-10-21T19:59:14 PDT" duration-ms="198" status="PASS">
          <reporter-output>
          </reporter-output>
        </test-method> <!-- verifyAdminLink -->
      </class> <!-- com.orange.hrm.test.HomePageTest -->
    </test> <!-- Test -->
  </suite> <!-- Suite -->
</testng-results>
