<?xml version="1.0" encoding="UTF-8"?>
<testng-results ignored="0" total="3" passed="3" failed="0" skipped="0">
  <reporter-output>
  </reporter-output>
  <suite started-at="2024-10-21T20:46:28 PDT" name="Suite" finished-at="2024-10-21T20:46:30 PDT" duration-ms="2860">
    <groups>
    </groups>
    <test started-at="2024-10-21T20:46:28 PDT" name="Test" finished-at="2024-10-21T20:46:30 PDT" duration-ms="2860">
      <class name="com.orange.hrm.test.LogInTest">
        <test-method is-config="true" signature="initDriver()[pri:0, instance:com.orange.hrm.test.LogInTest@2805d709]" started-at="2024-10-21T20:46:23 PDT" name="initDriver" finished-at="2024-10-21T20:46:28 PDT" duration-ms="4204" status="PASS">
          <reporter-output>
          </reporter-output>
        </test-method> <!-- initDriver -->
        <test-method signature="loginWithValidUserNameAndPassword()[pri:0, instance:com.orange.hrm.test.LogInTest@2805d709]" started-at="2024-10-21T20:46:28 PDT" name="loginWithValidUserNameAndPassword" finished-at="2024-10-21T20:46:30 PDT" duration-ms="2148" status="PASS">
          <reporter-output>
          </reporter-output>
        </test-method> <!-- loginWithValidUserNameAndPassword -->
      </class> <!-- com.orange.hrm.test.LogInTest -->
      <class name="com.orange.hrm.test.LogOutPageTest">
        <test-method signature="logOut()[pri:0, instance:com.orange.hrm.test.LogOutPageTest@53ce1329]" started-at="2024-10-21T20:46:30 PDT" name="logOut" finished-at="2024-10-21T20:46:30 PDT" duration-ms="652" status="PASS">
          <reporter-output>
          </reporter-output>
        </test-method> <!-- logOut -->
      </class> <!-- com.orange.hrm.test.LogOutPageTest -->
      <class name="com.orange.hrm.test.HomePageTest">
        <test-method signature="verifyAdminLink()[pri:0, instance:com.orange.hrm.test.HomePageTest@ffaa6af]" started-at="2024-10-21T20:46:30 PDT" name="verifyAdminLink" finished-at="2024-10-21T20:46:30 PDT" duration-ms="32" status="PASS">
          <reporter-output>
          </reporter-output>
        </test-method> <!-- verifyAdminLink -->
      </class> <!-- com.orange.hrm.test.HomePageTest -->
    </test> <!-- Test -->
  </suite> <!-- Suite -->
</testng-results>
